<?xml version="1.0" encoding="UTF-8"?>
<!-- Generated by org.testng.reporters.JUnitReportReporter -->
<testsuite hostname="DESKTOP-SJHHKK3" failures="0" tests="1" name="edu.co.First1" time="8.279" errors="0" timestamp="2023-04-16T01:20:10 IST" skipped="0">
  <testcase classname="edu.co.First1" name="f" time="8.279"/>
</testsuite> <!-- edu.co.First1 -->
